<?xml version="1.0"?><testsuites><testsuite errors="0" failures="0" skipped="0" name="Elixir.TrentoWeb.AccessTokenTest" tests="2" time="0.0020"><properties><property name="date" value="2025-05-07T07:47:02.472616Z"/><property name="seed" value="450092"/></properties><testcase file="test/trento_web/auth/access_token_test.exs" classname="Elixir.TrentoWeb.AccessTokenTest" name="test generate_access_token!/1 should generate and sign a jwt token with the default claims correctly set" time="0.0010"/><testcase file="test/trento_web/auth/access_token_test.exs" classname="Elixir.TrentoWeb.AccessTokenTest" name="test generate_access_token!/1 should merge the custom claims with the default after signing" time="0.0010"/></testsuite><testsuite errors="0" failures="0" skipped="0" name="Elixir.TrentoWeb.V1.DiscoveryControllerTest" tests="4" time="4.8331"><properties><property name="date" value="2025-05-07T07:47:02.472616Z"/><property name="seed" value="450092"/></properties><testcase file="test/trento_web/controllers/v1/discovery_controller_test.exs" classname="Elixir.TrentoWeb.V1.DiscoveryControllerTest" name="test discovery collect action should return an unprocessable entity error when the event is unknown" time="0.3033"/><testcase file="test/trento_web/controllers/v1/discovery_controller_test.exs" classname="Elixir.TrentoWeb.V1.DiscoveryControllerTest" name="test discovery collect action should accept nil payloads" time="0.3218"/><testcase file="test/trento_web/controllers/v1/discovery_controller_test.exs" classname="Elixir.TrentoWeb.V1.DiscoveryControllerTest" name="test discovery collect action discards application instance registrations when the associated database does not exists" time="0.2187"/><testcase file="test/trento_web/controllers/v1/discovery_controller_test.exs" classname="Elixir.TrentoWeb.V1.DiscoveryControllerTest" name="test discovery collect action discards application instance registrations when the dispatch fails" time="3.9893"/></testsuite><testsuite errors="0" failures="1" skipped="0" name="Elixir.Trento.ActivityLog.MetadataEnricherTest" tests="20" time="9.4191"><properties><property name="date" value="2025-05-07T07:47:02.472616Z"/><property name="seed" value="450092"/></properties><testcase file="test/trento/activity_logging/metadata_enricher_test.exs" classname="Elixir.Trento.ActivityLog.MetadataEnricherTest" name="test domain event activity log metadata enrichment should enrich with database sid" time="0.3085"/><testcase file="test/trento/activity_logging/metadata_enricher_test.exs" classname="Elixir.Trento.ActivityLog.MetadataEnricherTest" name="test enriching checks customization activities should enrich check_customization_reset" time="0.3913"/><testcase file="test/trento/activity_logging/metadata_enricher_test.exs" classname="Elixir.Trento.ActivityLog.MetadataEnricherTest" name="test enriching operation activities should enrich operation completed events in hosts" time="0.2059"/><testcase file="test/trento/activity_logging/metadata_enricher_test.exs" classname="Elixir.Trento.ActivityLog.MetadataEnricherTest" name="test should pass through unsupported activities" time="0.2570"/><testcase file="test/trento/activity_logging/metadata_enricher_test.exs" classname="Elixir.Trento.ActivityLog.MetadataEnricherTest" name="test enriching checks execution requests should enrich host checks execution request" time="0.3128"/><testcase file="test/trento/activity_logging/metadata_enricher_test.exs" classname="Elixir.Trento.ActivityLog.MetadataEnricherTest" name="test enriching checks execution requests should pass through unrecognizable checks execution requests" time="0.4195"/><testcase file="test/trento/activity_logging/metadata_enricher_test.exs" classname="Elixir.Trento.ActivityLog.MetadataEnricherTest" name="test enriching operation activities should enrich operation requested events in hosts" time="0.0506"/><testcase file="test/trento/activity_logging/metadata_enricher_test.exs" classname="Elixir.Trento.ActivityLog.MetadataEnricherTest" name="test enriching tagging/untagging activities should pass through enriching unrecognized taggable resources" time="0.1601"/><testcase file="test/trento/activity_logging/metadata_enricher_test.exs" classname="Elixir.Trento.ActivityLog.MetadataEnricherTest" name="test enriching tagging/untagging activities should enrich tagging activities" time="0.2340"/><testcase file="test/trento/activity_logging/metadata_enricher_test.exs" classname="Elixir.Trento.ActivityLog.MetadataEnricherTest" name="test metadata enrichment combination should combine metadata enrichment when some components are not yet available" time="0.4824"/><testcase file="test/trento/activity_logging/metadata_enricher_test.exs" classname="Elixir.Trento.ActivityLog.MetadataEnricherTest" name="test domain event activity log metadata enrichment should not enrich domain events related metadata already having required info" time="0.2293"/><testcase file="test/trento/activity_logging/metadata_enricher_test.exs" classname="Elixir.Trento.ActivityLog.MetadataEnricherTest" name="test metadata enrichment combination should combine metadata enrichment when all components are available and 'hostname_is_available'" time="0.5548"/><testcase file="test/trento/activity_logging/metadata_enricher_test.exs" classname="Elixir.Trento.ActivityLog.MetadataEnricherTest" name="test domain event activity log metadata enrichment should enrich with sap system sid" time="0.2653"/><testcase file="test/trento/activity_logging/metadata_enricher_test.exs" classname="Elixir.Trento.ActivityLog.MetadataEnricherTest" name="test enriching checks customization activities should enrich check_customization_applied" time="0.3180"/><testcase file="test/trento/activity_logging/metadata_enricher_test.exs" classname="Elixir.Trento.ActivityLog.MetadataEnricherTest" name="test domain event activity log metadata enrichment should enrich with hostname" time="0.3172"/><testcase file="test/trento/activity_logging/metadata_enricher_test.exs" classname="Elixir.Trento.ActivityLog.MetadataEnricherTest" name="test enriching checks execution requests should enrich user deletion request" time="0.3361"/><testcase file="test/trento/activity_logging/metadata_enricher_test.exs" classname="Elixir.Trento.ActivityLog.MetadataEnricherTest" name="test domain event activity log metadata enrichment should enrich with clustername" time="0.4288"><failure message="error: no match of right hand side value: {:error, {%DBConnection.ConnectionError{message: &quot;connection not available and request was dropped from queue after 406ms. This means requests are coming in and your connection pool cannot serve them fast enough. You can address this by:\n\n  1. Ensuring your database is available and that you can connect to it\n  2. Tracking down slow queries and making sure they are running fast enough\n  3. Increasing the pool_size (although this increases resource consumption)\n  4. Allowing requests to wait longer by increasing :queue_target and :queue_interval\n\nSee DBConnection.start_link/2 for more information\n&quot;, severity: :error, reason: :queue_timeout}, [{DBConnection.Ownership, :ownership_checkout, 2, [file: ~c&quot;lib/db_connection/ownership.ex&quot;, line: 109, error_info: %{module: Exception}]}, {Ecto.Adapters.SQL.Sandbox, :checkout, 2, [file: ~c&quot;lib/ecto/adapters/sql/sandbox.ex&quot;, line: 509]}, {Ecto.Adapters.SQL.Sandbox, :&quot;-start_owner!/2-fun-0-&quot;, 3, [file: ~c&quot;lib/ecto/adapters/sql/sandbox.ex&quot;, line: 416]}, {Agent.Server, :init, 1, [file: ~c&quot;lib/agent/server.ex&quot;, line: 8]}, {:gen_server, :init_it, 2, [file: ~c&quot;gen_server.erl&quot;, line: 980]}, {:gen_server, :init_it, 6, [file: ~c&quot;gen_server.erl&quot;, line: 935]}, {:proc_lib, :init_p_do_apply, 3, [file: ~c&quot;proc_lib.erl&quot;, line: 241]}]}}"> 17) test domain event activity log metadata enrichment should enrich with clustername (Trento.ActivityLog.MetadataEnricherTest)
     test/trento/activity_logging/metadata_enricher_test.exs:391
     ** (MatchError) no match of right hand side value: {:error, {%DBConnection.ConnectionError{message: "connection not available and request was dropped from queue after 406ms. This means requests are coming in and your connection pool cannot serve them fast enough. You can address this by:\n\n  1. Ensuring your database is available and that you can connect to it\n  2. Tracking down slow queries and making sure they are running fast enough\n  3. Increasing the pool_size (although this increases resource consumption)\n  4. Allowing requests to wait longer by increasing :queue_target and :queue_interval\n\nSee DBConnection.start_link/2 for more information\n", severity: :error, reason: :queue_timeout}, [{DBConnection.Ownership, :ownership_checkout, 2, [file: ~c"lib/db_connection/ownership.ex", line: 109, error_info: %{module: Exception}]}, {Ecto.Adapters.SQL.Sandbox, :checkout, 2, [file: ~c"lib/ecto/adapters/sql/sandbox.ex", line: 509]}, {Ecto.Adapters.SQL.Sandbox, :"-start_owner!/2-fun-0-", 3, [file: ~c"lib/ecto/adapters/sql/sandbox.ex", line: 416]}, {Agent.Server, :init, 1, [file: ~c"lib/agent/server.ex", line: 8]}, {:gen_server, :init_it, 2, [file: ~c"gen_server.erl", line: 980]}, {:gen_server, :init_it, 6, [file: ~c"gen_server.erl", line: 935]}, {:proc_lib, :init_p_do_apply, 3, [file: ~c"proc_lib.erl", line: 241]}]}}
     stacktrace:
       (ecto_sql 3.11.3) lib/ecto/adapters/sql/sandbox.ex:413: Ecto.Adapters.SQL.Sandbox.start_owner!/2
       (trento 2.4.0) test/support/data_case.ex:33: Trento.DataCase.__ex_unit_setup_0/1
       (trento 2.4.0) test/support/data_case.ex:1: Trento.DataCase.__ex_unit__/2
       test/trento/activity_logging/metadata_enricher_test.exs:1: Trento.ActivityLog.MetadataEnricherTest.__ex_unit__/2
</failure></testcase><testcase file="test/trento/activity_logging/metadata_enricher_test.exs" classname="Elixir.Trento.ActivityLog.MetadataEnricherTest" name="test enriching tagging/untagging activities should not enrich tagging activities for missing resources" time="0.1470"/><testcase file="test/trento/activity_logging/metadata_enricher_test.exs" classname="Elixir.Trento.ActivityLog.MetadataEnricherTest" name="test enriching checks execution requests should enrich cluster checks execution request" time="0.9907"/><testcase file="test/trento/activity_logging/metadata_enricher_test.exs" classname="Elixir.Trento.ActivityLog.MetadataEnricherTest" name="test metadata enrichment combination should combine metadata enrichment when all components are available and 'hostname_is_not_available'" time="3.0097"/></testsuite><testsuite errors="0" failures="0" skipped="0" name="Elixir.Trento.Infrastructure.Commanded.Middleware.EnrichRegisterApplicationInstanceTest" tests="3" time="0.0259"><properties><property name="date" value="2025-05-07T07:47:02.472616Z"/><property name="seed" value="450092"/></properties><testcase file="test/trento/infrastructure/commanded/middleware/enrich_register_application_instance_test.exs" classname="Elixir.Trento.Infrastructure.Commanded.Middleware.EnrichRegisterApplicationInstanceTest" name="test should return an enriched command if the database was found by the ip and tenant" time="0.0105"/><testcase file="test/trento/infrastructure/commanded/middleware/enrich_register_application_instance_test.exs" classname="Elixir.Trento.Infrastructure.Commanded.Middleware.EnrichRegisterApplicationInstanceTest" name="test should return a database not found error if the database instance host has been deregistered" time="0.0073"/><testcase file="test/trento/infrastructure/commanded/middleware/enrich_register_application_instance_test.exs" classname="Elixir.Trento.Infrastructure.Commanded.Middleware.EnrichRegisterApplicationInstanceTest" name="test should return an error if the database was not found" time="0.0081"/></testsuite><testsuite errors="0" failures="0" skipped="0" name="Elixir.TrentoWeb.Plugs.AppJWTAuthPlugTest" tests="16" time="8.1226"><properties><property name="date" value="2025-05-07T07:47:02.472616Z"/><property name="seed" value="450092"/></properties><testcase file="test/trento_web/plugs/app_jwt_auth_plug_test.exs" classname="Elixir.TrentoWeb.Plugs.AppJWTAuthPlugTest" name="test fetch/2 should not fetch the user when the jwt signature is valid but the audience is not valid" time="0.2567"/><testcase file="test/trento_web/plugs/app_jwt_auth_plug_test.exs" classname="Elixir.TrentoWeb.Plugs.AppJWTAuthPlugTest" name="test fetch/2 should not fetch a user when the jwt signature is invalid" time="0.2605"/><testcase file="test/trento_web/plugs/app_jwt_auth_plug_test.exs" classname="Elixir.TrentoWeb.Plugs.AppJWTAuthPlugTest" name="test renew/2 should return an error if the refresh token is signed but the audience is different then trento_app" time="0.3931"/><testcase file="test/trento_web/plugs/app_jwt_auth_plug_test.exs" classname="Elixir.TrentoWeb.Plugs.AppJWTAuthPlugTest" name="test delete/2 should no-op and return the passed conn" time="0.0282"/><testcase file="test/trento_web/plugs/app_jwt_auth_plug_test.exs" classname="Elixir.TrentoWeb.Plugs.AppJWTAuthPlugTest" name="test renew/2 should return an error if the refresh token is malformed" time="0.2462"/><testcase file="test/trento_web/plugs/app_jwt_auth_plug_test.exs" classname="Elixir.TrentoWeb.Plugs.AppJWTAuthPlugTest" name="test renew/2 should not renew a token if the token is valid but the associated user is locked" time="0.2871"/><testcase file="test/trento_web/plugs/app_jwt_auth_plug_test.exs" classname="Elixir.TrentoWeb.Plugs.AppJWTAuthPlugTest" name="test create/3 should add to the conn the access/refresh token pair and the expiration" time="0.3922"/><testcase file="test/trento_web/plugs/app_jwt_auth_plug_test.exs" classname="Elixir.TrentoWeb.Plugs.AppJWTAuthPlugTest" name="test renew/2 should renew a token and put it in the conn private if the refresh token is valid" time="0.6066"/><testcase file="test/trento_web/plugs/app_jwt_auth_plug_test.exs" classname="Elixir.TrentoWeb.Plugs.AppJWTAuthPlugTest" name="test renew/2 should not renew a token if the token is valid but the associated user is deleted" time="0.3886"/><testcase file="test/trento_web/plugs/app_jwt_auth_plug_test.exs" classname="Elixir.TrentoWeb.Plugs.AppJWTAuthPlugTest" name="test fetch/2 should not fetch user when the header is missing" time="0.3408"/><testcase file="test/trento_web/plugs/app_jwt_auth_plug_test.exs" classname="Elixir.TrentoWeb.Plugs.AppJWTAuthPlugTest" name="test fetch/2 should fetch a user when the jwt is valid" time="0.3770"/><testcase file="test/trento_web/plugs/app_jwt_auth_plug_test.exs" classname="Elixir.TrentoWeb.Plugs.AppJWTAuthPlugTest" name="test fetch/2 should not fetch user when the jwt is malformed" time="0.2219"/><testcase file="test/trento_web/plugs/app_jwt_auth_plug_test.exs" classname="Elixir.TrentoWeb.Plugs.AppJWTAuthPlugTest" name="test renew/2 should return an error is the refresh token signature is valid but it's expired" time="0.4521"/><testcase file="test/trento_web/plugs/app_jwt_auth_plug_test.exs" classname="Elixir.TrentoWeb.Plugs.AppJWTAuthPlugTest" name="test fetch/2 should not fetch user when the jwt signature is valid but it's expired" time="0.1545"/><testcase file="test/trento_web/plugs/app_jwt_auth_plug_test.exs" classname="Elixir.TrentoWeb.Plugs.AppJWTAuthPlugTest" name="test renew/2 should not renew a token if the token is valid but the associated user is not found" time="1.4134"/><testcase file="test/trento_web/plugs/app_jwt_auth_plug_test.exs" classname="Elixir.TrentoWeb.Plugs.AppJWTAuthPlugTest" name="test renew/2 should return an error if the refresh token signature is invalid" time="2.3037"/></testsuite><testsuite errors="0" failures="0" skipped="0" name="Elixir.Trento.SapSystems.SapSystemTest" tests="40" time="0.3817"><properties><property name="date" value="2025-05-07T07:47:02.472616Z"/><property name="seed" value="450092"/></properties><testcase file="test/trento/sap_systems/sap_system_test.exs" classname="Elixir.Trento.SapSystems.SapSystemTest" name="test SAP System health should change the health of a SAP System when an Application has changed the health status" time="0.0003"/><testcase file="test/trento/sap_systems/sap_system_test.exs" classname="Elixir.Trento.SapSystems.SapSystemTest" name="test deregistration should restore a sap system with a new health when abap/messageserver instances are present" time="0.0004"/><testcase file="test/trento/sap_systems/sap_system_test.exs" classname="Elixir.Trento.SapSystems.SapSystemTest" name="test SAP System registration should add an application instance to a non registered SAP system when the instance is MESSAGESERVER without completing a SAP system registration" time="0.0002"/><testcase file="test/trento/sap_systems/sap_system_test.exs" classname="Elixir.Trento.SapSystems.SapSystemTest" name="test tombstoning should tombstone a deregistered SAP system when no ABAP or JAVA application instances are left" time="0.0002"/><testcase file="test/trento/sap_systems/sap_system_test.exs" classname="Elixir.Trento.SapSystems.SapSystemTest" name="test deregistration should deregister an ENQREP Application Instance, SAP system registered" time="0.0002"/><testcase file="test/trento/sap_systems/sap_system_test.exs" classname="Elixir.Trento.SapSystems.SapSystemTest" name="test SAP System registration should not update a SAP System if the coming data didn't change the current state" time="0.0002"/><testcase file="test/trento/sap_systems/sap_system_test.exs" classname="Elixir.Trento.SapSystems.SapSystemTest" name="test deregistration should deregister Message Server and deregister SAP System" time="0.0003"/><testcase file="test/trento/sap_systems/sap_system_test.exs" classname="Elixir.Trento.SapSystems.SapSystemTest" name="test deregistration should deregister an ABAP Application Instance without deregistering the SAP system" time="0.0002"/><testcase file="test/trento/sap_systems/sap_system_test.exs" classname="Elixir.Trento.SapSystems.SapSystemTest" name="test SAP System registration should register a SAP System and add an application instance when a MESSAGESERVER instance is already present and a new ABAP instance is added" time="0.0002"/><testcase file="test/trento/sap_systems/sap_system_test.exs" classname="Elixir.Trento.SapSystems.SapSystemTest" name="test deregistration should always deregister the SAP system when the deregistration command is received" time="0.0003"/><testcase file="test/trento/sap_systems/sap_system_test.exs" classname="Elixir.Trento.SapSystems.SapSystemTest" name="test instance marked absent/present should mark as absent a previously registered application instance" time="0.0003"/><testcase file="test/trento/sap_systems/sap_system_test.exs" classname="Elixir.Trento.SapSystems.SapSystemTest" name="test deregistration should not restore a sap system when no abap/messageserver instances are present" time="0.0004"/><testcase file="test/trento/sap_systems/sap_system_test.exs" classname="Elixir.Trento.SapSystems.SapSystemTest" name="test SAP System registration should not register or move application, if the application has an already existing instance number and the host is the same" time="0.0003"/><testcase file="test/trento/sap_systems/sap_system_test.exs" classname="Elixir.Trento.SapSystems.SapSystemTest" name="test SAP System registration should register and not move an application instance, if the instance number exists but it's in another host and the application is not clustered" time="0.0005"/><testcase file="test/trento/sap_systems/sap_system_test.exs" classname="Elixir.Trento.SapSystems.SapSystemTest" name="test deregistration should reject all the commands except for the registration/instance deregistration ones, when the SAP system is deregistered" time="0.0004"/><testcase file="test/trento/sap_systems/sap_system_test.exs" classname="Elixir.Trento.SapSystems.SapSystemTest" name="test deregistration should restore a SAP system when abap/messageserver instances are present with the new health" time="0.0002"/><testcase file="test/trento/sap_systems/sap_system_test.exs" classname="Elixir.Trento.SapSystems.SapSystemTest" name="test deregistration should not deregister an already deregistered SAP system even when the deregistration command is received" time="0.0002"/><testcase file="test/trento/sap_systems/sap_system_test.exs" classname="Elixir.Trento.SapSystems.SapSystemTest" name="test SAP System registration should register a SAP System and add an application instance when an ABAP instance is already present and a new MESSAGESERVER instance is added" time="0.0002"/><testcase file="test/trento/sap_systems/sap_system_test.exs" classname="Elixir.Trento.SapSystems.SapSystemTest" name="test rollup should apply the rollup event and rehydrate the aggregate" time="0.0001"/><testcase file="test/trento/sap_systems/sap_system_test.exs" classname="Elixir.Trento.SapSystems.SapSystemTest" name="test deregistration should deregister last ABAP Application Instance and deregister SAP System" time="0.0002"/><testcase file="test/trento/sap_systems/sap_system_test.exs" classname="Elixir.Trento.SapSystems.SapSystemTest" name="test SAP System registration should register a SAP System and add an application instance when a MESSAGESERVER instance is already present and a new JAVA instance is added" time="0.0003"/><testcase file="test/trento/sap_systems/sap_system_test.exs" classname="Elixir.Trento.SapSystems.SapSystemTest" name="test deregistration should not restore a SAP system when the SAP system is not deregistered" time="0.0002"/><testcase file="test/trento/sap_systems/sap_system_test.exs" classname="Elixir.Trento.SapSystems.SapSystemTest" name="test rollup should not accept commands if a sap_system is in rolling up state" time="0.0002"/><testcase file="test/trento/sap_systems/sap_system_test.exs" classname="Elixir.Trento.SapSystems.SapSystemTest" name="test SAP System registration should not emit a movement event if the coming instance using the same instance number continues in the same host" time="0.0003"/><testcase file="test/trento/sap_systems/sap_system_test.exs" classname="Elixir.Trento.SapSystems.SapSystemTest" name="test rollup should change the sap_system state to rolling up" time="0.0001"/><testcase file="test/trento/sap_systems/sap_system_test.exs" classname="Elixir.Trento.SapSystems.SapSystemTest" name="test instance marked absent/present should mark as present an already registered, absent application instance" time="0.0002"/><testcase file="test/trento/sap_systems/sap_system_test.exs" classname="Elixir.Trento.SapSystems.SapSystemTest" name="test SAP System registration should add an application instance to a registered SAP System" time="0.0005"/><testcase file="test/trento/sap_systems/sap_system_test.exs" classname="Elixir.Trento.SapSystems.SapSystemTest" name="test SAP System health should change the health of the SAP system when its database health has changed" time="0.1013"/><testcase file="test/trento/sap_systems/sap_system_test.exs" classname="Elixir.Trento.SapSystems.SapSystemTest" name="test deregistration should not deregister an already deregistered application instance" time="0.0003"/><testcase file="test/trento/sap_systems/sap_system_test.exs" classname="Elixir.Trento.SapSystems.SapSystemTest" name="test deregistration should restore a SAP system when abap/messageserver instances are present and the restore command is received" time="0.0003"/><testcase file="test/trento/sap_systems/sap_system_test.exs" classname="Elixir.Trento.SapSystems.SapSystemTest" name="test SAP System health should not change the health of a SAP System if no instance has changed the health status" time="0.0003"/><testcase file="test/trento/sap_systems/sap_system_test.exs" classname="Elixir.Trento.SapSystems.SapSystemTest" name="test SAP System registration should add an application instance to a non registered SAP system when the instance is ABAP without complete a sap system registration" time="0.0002"/><testcase file="test/trento/sap_systems/sap_system_test.exs" classname="Elixir.Trento.SapSystems.SapSystemTest" name="test deregistration should only deregister a Message Server from a not-fully-registered SAP system" time="0.0001"/><testcase file="test/trento/sap_systems/sap_system_test.exs" classname="Elixir.Trento.SapSystems.SapSystemTest" name="test SAP System registration should not add an application instance if the application instance was already registered" time="0.0002"/><testcase file="test/trento/sap_systems/sap_system_test.exs" classname="Elixir.Trento.SapSystems.SapSystemTest" name="test SAP System registration should not update a SAP System ENSA version if the coming application instance does not have ENSA data" time="0.0003"/><testcase file="test/trento/sap_systems/sap_system_test.exs" classname="Elixir.Trento.SapSystems.SapSystemTest" name="test SAP System health should change the health of a SAP System when a new Application instance is registered" time="0.0003"/><testcase file="test/trento/sap_systems/sap_system_test.exs" classname="Elixir.Trento.SapSystems.SapSystemTest" name="test SAP System registration should move an application instance if the host_id changed and the instance number already exists and the application is clustered" time="0.1127"/><testcase file="test/trento/sap_systems/sap_system_test.exs" classname="Elixir.Trento.SapSystems.SapSystemTest" name="test SAP System registration should update a SAP System ENSA version if it was not set" time="0.0667"/><testcase file="test/trento/sap_systems/sap_system_test.exs" classname="Elixir.Trento.SapSystems.SapSystemTest" name="test rollup should not accept a rollup command if a sap_system was not registered yet" time="0.0915"/><testcase file="test/trento/sap_systems/sap_system_test.exs" classname="Elixir.Trento.SapSystems.SapSystemTest" name="test deregistration should not deregister a not registered application instance" time="0.0002"/></testsuite><testsuite errors="0" failures="0" skipped="0" name="Elixir.TrentoWeb.V1.AbilityJSONTest" tests="2" time="0.0009"><properties><property name="date" value="2025-05-07T07:47:02.472616Z"/><property name="seed" value="450092"/></properties><testcase file="test/trento_web/views/v1/ability_view_json_test.exs" classname="Elixir.TrentoWeb.V1.AbilityJSONTest" name="test should render index.json" time="0.0004"/><testcase file="test/trento_web/views/v1/ability_view_json_test.exs" classname="Elixir.TrentoWeb.V1.AbilityJSONTest" name="test should render show.json" time="0.0006"/></testsuite><testsuite errors="0" failures="0" skipped="0" name="Elixir.TrentoWeb.V1.HealthOverviewJSONTest" tests="2" time="2.3109"><properties><property name="date" value="2025-05-07T07:47:02.472616Z"/><property name="seed" value="450092"/></properties><testcase file="test/trento_web/views/v1/health_overview_view_json_test.exs" classname="Elixir.TrentoWeb.V1.HealthOverviewJSONTest" name="test renders overview.json should render all the fields" time="0.3232"/><testcase file="test/trento_web/views/v1/health_overview_view_json_test.exs" classname="Elixir.TrentoWeb.V1.HealthOverviewJSONTest" name="test renders overview.json should send empty cluster ids" time="1.9877"/></testsuite><testsuite errors="0" failures="0" skipped="0" name="Elixir.TrentoWeb.V1.TagsControllerTest" tests="15" time="15.5874"><properties><property name="date" value="2025-05-07T07:47:02.472616Z"/><property name="seed" value="450092"/></properties><testcase file="test/trento_web/controllers/v1/tags_controller_test.exs" classname="Elixir.TrentoWeb.V1.TagsControllerTest" name="test tagging hosts should remove a tag from a host" time="0.5626"/><testcase file="test/trento_web/controllers/v1/tags_controller_test.exs" classname="Elixir.TrentoWeb.V1.TagsControllerTest" name="test tagging clusters should remove a tag from a cluster" time="0.5228"/><testcase file="test/trento_web/controllers/v1/tags_controller_test.exs" classname="Elixir.TrentoWeb.V1.TagsControllerTest" name="test Tag Validation should decline tag with whitespace" time="0.7033"/><testcase file="test/trento_web/controllers/v1/tags_controller_test.exs" classname="Elixir.TrentoWeb.V1.TagsControllerTest" name="test tagging sap systems and databases should add a tag to a database" time="0.4911"/><testcase file="test/trento_web/controllers/v1/tags_controller_test.exs" classname="Elixir.TrentoWeb.V1.TagsControllerTest" name="test tagging sap systems and databases should fail when attempting to remove a non existing tag from a sap system" time="0.6445"/><testcase file="test/trento_web/controllers/v1/tags_controller_test.exs" classname="Elixir.TrentoWeb.V1.TagsControllerTest" name="test tagging clusters should fail when attempting to remove a non existing tag from a cluster" time="0.5262"/><testcase file="test/trento_web/controllers/v1/tags_controller_test.exs" classname="Elixir.TrentoWeb.V1.TagsControllerTest" name="test Tag Validation should decline tag with forbidden characters" time="0.5568"/><testcase file="test/trento_web/controllers/v1/tags_controller_test.exs" classname="Elixir.TrentoWeb.V1.TagsControllerTest" name="test tagging sap systems and databases should remove a tag from a sap system" time="0.9729"/><testcase file="test/trento_web/controllers/v1/tags_controller_test.exs" classname="Elixir.TrentoWeb.V1.TagsControllerTest" name="test tagging hosts should fail when attempting to remove a non existing tag from a host" time="1.4524"/><testcase file="test/trento_web/controllers/v1/tags_controller_test.exs" classname="Elixir.TrentoWeb.V1.TagsControllerTest" name="test tagging hosts should add a tag to a host" time="1.1930"/><testcase file="test/trento_web/controllers/v1/tags_controller_test.exs" classname="Elixir.TrentoWeb.V1.TagsControllerTest" name="test forbidden actions should not return forbidden on any controller action if the user have the right ability for the tag resource" time="1.2462"/><testcase file="test/trento_web/controllers/v1/tags_controller_test.exs" classname="Elixir.TrentoWeb.V1.TagsControllerTest" name="test tagging clusters should add a tag to a cluster" time="1.5191"/><testcase file="test/trento_web/controllers/v1/tags_controller_test.exs" classname="Elixir.TrentoWeb.V1.TagsControllerTest" name="test forbidden actions should return forbidden on any controller action if the user does not have the right permission" time="1.4235"/><testcase file="test/trento_web/controllers/v1/tags_controller_test.exs" classname="Elixir.TrentoWeb.V1.TagsControllerTest" name="test tagging sap systems and databases should add a tag to a sap system" time="1.8990"/><testcase file="test/trento_web/controllers/v1/tags_controller_test.exs" classname="Elixir.TrentoWeb.V1.TagsControllerTest" name="test tagging sap systems and databases should remove a tag from a database" time="1.8738"/></testsuite><testsuite errors="0" failures="0" skipped="0" name="Elixir.TrentoWeb.Plugs.LoadUserPlugTest" tests="3" time="2.9123"><properties><property name="date" value="2025-05-07T07:47:02.472616Z"/><property name="seed" value="450092"/></properties><testcase file="test/trento_web/plugs/load_user_plug_test.exs" classname="Elixir.TrentoWeb.Plugs.LoadUserPlugTest" name="test should load the user from the database using the stateless user details" time="0.4131"/><testcase file="test/trento_web/plugs/load_user_plug_test.exs" classname="Elixir.TrentoWeb.Plugs.LoadUserPlugTest" name="test should keep an already loaded user details" time="0.4180"/><testcase file="test/trento_web/plugs/load_user_plug_test.exs" classname="Elixir.TrentoWeb.Plugs.LoadUserPlugTest" name="test should pass through connections without user references" time="2.0812"/></testsuite><testsuite errors="0" failures="0" skipped="0" name="Elixir.Trento.UserIdentitiesTest" tests="4" time="0.2893"><properties><property name="date" value="2025-05-07T07:47:02.472616Z"/><property name="seed" value="450092"/></properties><testcase file="test/trento/user_identities_test.exs" classname="Elixir.Trento.UserIdentitiesTest" name="test create_user/3 should create the user and assign the global abilities when the user is the default admin and the username is on the nickname claim" time="0.0563"/><testcase file="test/trento/user_identities_test.exs" classname="Elixir.Trento.UserIdentitiesTest" name="test create_user/3 should create the user and assign the global abilities when the user is the default admin and the username is on the username claim" time="0.0932"/><testcase file="test/trento/user_identities_test.exs" classname="Elixir.Trento.UserIdentitiesTest" name="test upsert/2 should not assign the global abilities to a user when the user is not the default admin" time="0.0730"/><testcase file="test/trento/user_identities_test.exs" classname="Elixir.Trento.UserIdentitiesTest" name="test upsert/2 should assign the global abilities to a user when the user is the default admin" time="0.0668"/></testsuite><testsuite errors="0" failures="0" skipped="0" name="Elixir.TrentoWeb.ApiKeyTest" tests="3" time="0.0016"><properties><property name="date" value="2025-05-07T07:47:02.472616Z"/><property name="seed" value="450092"/></properties><testcase file="test/trento_web/auth/api_key_test.exs" classname="Elixir.TrentoWeb.ApiKeyTest" name="test generate_api_key!/2 should generate and sign a jwt token with the default claims and expiration correctly set" time="0.0004"/><testcase file="test/trento_web/auth/api_key_test.exs" classname="Elixir.TrentoWeb.ApiKeyTest" name="test generate_api_key!/2 should fallback to a default 'infinite' expiration date, if no expiration is provided" time="0.0006"/><testcase file="test/trento_web/auth/api_key_test.exs" classname="Elixir.TrentoWeb.ApiKeyTest" name="test generate_api_key!/2 should merge the custom claims with the default after signing" time="0.0005"/></testsuite><testsuite errors="0" failures="0" skipped="0" name="Elixir.Trento.Infrastructure.Commanded.EventHandlers.ActivityLogEventHandlerTest" tests="1" time="0.0174"><properties><property name="date" value="2025-05-07T07:47:02.472616Z"/><property name="seed" value="450092"/></properties><testcase file="test/trento/infrastructure/commanded/event_handlers/activity_log_event_handler_test.exs" classname="Elixir.Trento.Infrastructure.Commanded.EventHandlers.ActivityLogEventHandlerTest" name="test should log a domain event" time="0.0174"/></testsuite><testsuite errors="0" failures="0" skipped="0" name="Elixir.Trento.Databases.Event.Upcaster.UpcastDatabaseIdTest" tests="2" time="0.0381"><properties><property name="date" value="2025-05-07T07:47:02.472616Z"/><property name="seed" value="450092"/></properties><testcase file="test/trento/databases/events/upcaster/upcast_database_id_test.exs" classname="Elixir.Trento.Databases.Event.Upcaster.UpcastDatabaseIdTest" name="test UpcastDatabaseId upcasting, version 2 should upcast database id field when a legacy event is received" time="0.0002"/><testcase file="test/trento/databases/events/upcaster/upcast_database_id_test.exs" classname="Elixir.Trento.Databases.Event.Upcaster.UpcastDatabaseIdTest" name="test UpcastDatabaseId upcasting, version 2 should upcast to the current event" time="0.0379"/></testsuite><testsuite errors="0" failures="0" skipped="0" name="Elixir.TrentoWeb.V1.ActivityLogControllerTest" tests="19" time="20.3604"><properties><property name="date" value="2025-05-07T07:47:02.472616Z"/><property name="seed" value="450092"/></properties><testcase file="test/trento_web/controllers/v1/activity_log_controller_test.exs" classname="Elixir.TrentoWeb.V1.ActivityLogControllerTest" name="test permission based access to users should not return redacted actors for user with all:users ability" time="0.4193"/><testcase file="test/trento_web/controllers/v1/activity_log_controller_test.exs" classname="Elixir.TrentoWeb.V1.ActivityLogControllerTest" name="test ActivityLogController a malformed metadata search string yields an empty result set" time="0.8681"/><testcase file="test/trento_web/controllers/v1/activity_log_controller_test.exs" classname="Elixir.TrentoWeb.V1.ActivityLogControllerTest" name="test ActivityLogController should not return user management logs if user has all:foo ability" time="0.4554"/><testcase file="test/trento_web/controllers/v1/activity_log_controller_test.exs" classname="Elixir.TrentoWeb.V1.ActivityLogControllerTest" name="test ActivityLogController should return activity logs after inserting a few entries." time="0.5201"/><testcase file="test/trento_web/controllers/v1/activity_log_controller_test.exs" classname="Elixir.TrentoWeb.V1.ActivityLogControllerTest" name="test ActivityLogController should return valid response of paginated first, second and third page of results" time="0.5609"/><testcase file="test/trento_web/controllers/v1/activity_log_controller_test.exs" classname="Elixir.TrentoWeb.V1.ActivityLogControllerTest" name="test ActivityLogController should return valid response of empty list if no actor matches provided with suitable params" time="0.7147"/><testcase file="test/trento_web/controllers/v1/activity_log_controller_test.exs" classname="Elixir.TrentoWeb.V1.ActivityLogControllerTest" name="test ActivityLogController should return user management logs if user has all:users ability" time="0.5091"/><testcase file="test/trento_web/controllers/v1/activity_log_controller_test.exs" classname="Elixir.TrentoWeb.V1.ActivityLogControllerTest" name="test ActivityLogController should return valid response (empty list) if no activity logs entries exist" time="0.6249"/><testcase file="test/trento_web/controllers/v1/activity_log_controller_test.exs" classname="Elixir.TrentoWeb.V1.ActivityLogControllerTest" name="test ActivityLogController should return valid response (list with 25 elements) for actor=aktor if provided with suitable params" time="0.5196"/><testcase file="test/trento_web/controllers/v1/activity_log_controller_test.exs" classname="Elixir.TrentoWeb.V1.ActivityLogControllerTest" name="test ActivityLogController should return debug and above severity level entries by default" time="0.5360"/><testcase file="test/trento_web/controllers/v1/activity_log_controller_test.exs" classname="Elixir.TrentoWeb.V1.ActivityLogControllerTest" name="test permission based access to users should return redacted actors for user without required ability" time="0.9098"/><testcase file="test/trento_web/controllers/v1/activity_log_controller_test.exs" classname="Elixir.TrentoWeb.V1.ActivityLogControllerTest" name="test permission based access to users should not return redacted actors for user with activity_log:users ability" time="1.5872"/><testcase file="test/trento_web/controllers/v1/activity_log_controller_test.exs" classname="Elixir.TrentoWeb.V1.ActivityLogControllerTest" name="test ActivityLogController should search log entries by metadata" time="1.1522"/><testcase file="test/trento_web/controllers/v1/activity_log_controller_test.exs" classname="Elixir.TrentoWeb.V1.ActivityLogControllerTest" name="test ActivityLogController should return critical severity level entries with appropriate query params" time="1.2860"/><testcase file="test/trento_web/controllers/v1/activity_log_controller_test.exs" classname="Elixir.TrentoWeb.V1.ActivityLogControllerTest" name="test ActivityLogController should return valid response of entries provided with date ranges params" time="1.1949"/><testcase file="test/trento_web/controllers/v1/activity_log_controller_test.exs" classname="Elixir.TrentoWeb.V1.ActivityLogControllerTest" name="test permission based access to users should not return redacted actors for user with all:all ability" time="1.4449"/><testcase file="test/trento_web/controllers/v1/activity_log_controller_test.exs" classname="Elixir.TrentoWeb.V1.ActivityLogControllerTest" name="test ActivityLogController should return valid response (list with 10 elements) if provided with suitable params" time="1.8768"/><testcase file="test/trento_web/controllers/v1/activity_log_controller_test.exs" classname="Elixir.TrentoWeb.V1.ActivityLogControllerTest" name="test ActivityLogController should return valid response of a list for type Tagging entries provided with suitable params" time="1.1082"/><testcase file="test/trento_web/controllers/v1/activity_log_controller_test.exs" classname="Elixir.TrentoWeb.V1.ActivityLogControllerTest" name="test permission based access to users should forbid querying by actor other than self and system when user is not allowed" time="4.0722"/></testsuite><testsuite errors="0" failures="0" skipped="0" name="Elixir.TrentoWeb.V1.ProfileJSONTest" tests="2" time="0.1564"><properties><property name="date" value="2025-05-07T07:47:02.472616Z"/><property name="seed" value="450092"/></properties><testcase file="test/trento_web/views/v1/profile_view_json_test.exs" classname="Elixir.TrentoWeb.V1.ProfileJSONTest" name="test renders profile.json should correctly render a user profile when the user has no analytics preference" time="0.0829"/><testcase file="test/trento_web/views/v1/profile_view_json_test.exs" classname="Elixir.TrentoWeb.V1.ProfileJSONTest" name="test renders profile.json should correctly render a user profile when the user has an analytics preference" time="0.0735"/></testsuite><testsuite errors="0" failures="0" skipped="0" name="Elixir.Trento.Infrastructure.Commanded.RollUp.RollUpTest" tests="1" time="0.1738"><properties><property name="date" value="2025-05-07T07:47:02.472616Z"/><property name="seed" value="450092"/></properties><testcase file="test/trento/infrastructure/commanded/roll_up/roll_up_test.exs" classname="Elixir.Trento.Infrastructure.Commanded.RollUp.RollUpTest" name="test should roll-up and append roll-up event" time="0.1738"/></testsuite><testsuite errors="0" failures="0" skipped="0" name="Elixir.Trento.Users.UsersTest" tests="5" time="0.0062"><properties><property name="date" value="2025-05-07T07:47:02.472616Z"/><property name="seed" value="450092"/></properties><testcase file="test/trento/users/user_test.exs" classname="Elixir.Trento.Users.UsersTest" name="test validation changeset/2 validates email and fullname fields are required" time="0.0017"/><testcase file="test/trento/users/user_test.exs" classname="Elixir.Trento.Users.UsersTest" name="test validation changeset/2 validates analytics_enabled_at field is cast properly" time="0.0010"/><testcase file="test/trento/users/user_test.exs" classname="Elixir.Trento.Users.UsersTest" name="test validation changeset/2 validates the email field" time="0.0010"/><testcase file="test/trento/users/user_test.exs" classname="Elixir.Trento.Users.UsersTest" name="test validation update_changeset/2 validates totp_enabled_at unique valid value is nil" time="0.0012"/><testcase file="test/trento/users/user_test.exs" classname="Elixir.Trento.Users.UsersTest" name="test validation changeset/2 validates repetitive and sequential password" time="0.0013"/></testsuite><testsuite errors="0" failures="0" skipped="0" name="Elixir.Trento.HostsTest" tests="18" time="0.0754"><properties><property name="date" value="2025-05-07T07:47:02.472616Z"/><property name="seed" value="450092"/></properties><testcase file="test/trento/hosts_test.exs" classname="Elixir.Trento.HostsTest" name="test Checks Execution should log an error message when host checks execution is requested but no checks selected" time="0.0052"/><testcase file="test/trento/hosts_test.exs" classname="Elixir.Trento.HostsTest" name="test Checks Execution should not start an execution for an unregistered host" time="0.0050"/><testcase file="test/trento/hosts_test.exs" classname="Elixir.Trento.HostsTest" name="test Check Selection should dispatch command on Check Selection" time="0.0012"/><testcase file="test/trento/hosts_test.exs" classname="Elixir.Trento.HostsTest" name="test SLES Subscriptions No SLES4SAP Subscriptions detected" time="0.0033"/><testcase file="test/trento/hosts_test.exs" classname="Elixir.Trento.HostsTest" name="test get_host_by_id/1 should return nil if host does not exist" time="0.0035"/><testcase file="test/trento/hosts_test.exs" classname="Elixir.Trento.HostsTest" name="test get_host_by_id/1 should return nil if host is deregistered" time="0.0042"/><testcase file="test/trento/hosts_test.exs" classname="Elixir.Trento.HostsTest" name="test Check Selection should return command dispatching error" time="0.0015"/><testcase file="test/trento/hosts_test.exs" classname="Elixir.Trento.HostsTest" name="test SLES Subscriptions Detects the correct number of SLES4SAP Subscriptions" time="0.0105"/><testcase file="test/trento/hosts_test.exs" classname="Elixir.Trento.HostsTest" name="test get_host_by_id/1 should return host" time="0.0075"/><testcase file="test/trento/hosts_test.exs" classname="Elixir.Trento.HostsTest" name="test Checks Execution should not start an execution with an empty selection" time="0.0066"/><testcase file="test/trento/hosts_test.exs" classname="Elixir.Trento.HostsTest" name="test request operation should return operation_not_found if the given operation does not exist" time="0.0050"/><testcase file="test/trento/hosts_test.exs" classname="Elixir.Trento.HostsTest" name="test request operation should request saptune_solution_apply operation" time="0.0011"/><testcase file="test/trento/hosts_test.exs" classname="Elixir.Trento.HostsTest" name="test Checks Execution should start an execution" time="0.0023"/><testcase file="test/trento/hosts_test.exs" classname="Elixir.Trento.HostsTest" name="test Checks Execution should return an error on message publishing failure" time="0.0020"/><testcase file="test/trento/hosts_test.exs" classname="Elixir.Trento.HostsTest" name="test retrieving a host by identifier should return an existent host, whether it is registered or not" time="0.0031"/><testcase file="test/trento/hosts_test.exs" classname="Elixir.Trento.HostsTest" name="test Checks Execution should request host checks execution for hosts when checks are selected" time="0.0028"/><testcase file="test/trento/hosts_test.exs" classname="Elixir.Trento.HostsTest" name="test get_all_hosts/0 should list all hosts except the deregistered ones" time="0.0090"/><testcase file="test/trento/hosts_test.exs" classname="Elixir.Trento.HostsTest" name="test retrieving a host by identifier should not return a non existent host" time="0.0017"/></testsuite><testsuite errors="0" failures="1" skipped="0" name="Elixir.TrentoWeb.Plugs.OperationsPolicyPlugTest" tests="5" time="1.8898"><properties><property name="date" value="2025-05-07T07:47:02.472616Z"/><property name="seed" value="450092"/></properties><testcase file="test/trento_web/plugs/operations_policy_plug_test.exs" classname="Elixir.TrentoWeb.Plugs.OperationsPolicyPlugTest" name="test should return not found if the given resource is not found" time="0.3698"/><testcase file="test/trento_web/plugs/operations_policy_plug_test.exs" classname="Elixir.TrentoWeb.Plugs.OperationsPolicyPlugTest" name="test should authorize operation and assign to assigns_to" time="0.2365"/><testcase file="test/trento_web/plugs/operations_policy_plug_test.exs" classname="Elixir.TrentoWeb.Plugs.OperationsPolicyPlugTest" name="test should return operation not found if the given operation is not found" time="0.4206"><failure message="error: no match of right hand side value: {:error, {%DBConnection.ConnectionError{message: &quot;connection not available and request was dropped from queue after 420ms. This means requests are coming in and your connection pool cannot serve them fast enough. You can address this by:\n\n  1. Ensuring your database is available and that you can connect to it\n  2. Tracking down slow queries and making sure they are running fast enough\n  3. Increasing the pool_size (although this increases resource consumption)\n  4. Allowing requests to wait longer by increasing :queue_target and :queue_interval\n\nSee DBConnection.start_link/2 for more information\n&quot;, severity: :error, reason: :queue_timeout}, [{DBConnection.Ownership, :ownership_checkout, 2, [file: ~c&quot;lib/db_connection/ownership.ex&quot;, line: 109, error_info: %{module: Exception}]}, {Ecto.Adapters.SQL.Sandbox, :checkout, 2, [file: ~c&quot;lib/ecto/adapters/sql/sandbox.ex&quot;, line: 509]}, {Ecto.Adapters.SQL.Sandbox, :&quot;-start_owner!/2-fun-0-&quot;, 3, [file: ~c&quot;lib/ecto/adapters/sql/sandbox.ex&quot;, line: 416]}, {Agent.Server, :init, 1, [file: ~c&quot;lib/agent/server.ex&quot;, line: 8]}, {:gen_server, :init_it, 2, [file: ~c&quot;gen_server.erl&quot;, line: 980]}, {:gen_server, :init_it, 6, [file: ~c&quot;gen_server.erl&quot;, line: 935]}, {:proc_lib, :init_p_do_apply, 3, [file: ~c&quot;proc_lib.erl&quot;, line: 241]}]}}">  3) test should return operation not found if the given operation is not found (TrentoWeb.Plugs.OperationsPolicyPlugTest)
     test/trento_web/plugs/operations_policy_plug_test.exs:38
     ** (MatchError) no match of right hand side value: {:error, {%DBConnection.ConnectionError{message: "connection not available and request was dropped from queue after 420ms. This means requests are coming in and your connection pool cannot serve them fast enough. You can address this by:\n\n  1. Ensuring your database is available and that you can connect to it\n  2. Tracking down slow queries and making sure they are running fast enough\n  3. Increasing the pool_size (although this increases resource consumption)\n  4. Allowing requests to wait longer by increasing :queue_target and :queue_interval\n\nSee DBConnection.start_link/2 for more information\n", severity: :error, reason: :queue_timeout}, [{DBConnection.Ownership, :ownership_checkout, 2, [file: ~c"lib/db_connection/ownership.ex", line: 109, error_info: %{module: Exception}]}, {Ecto.Adapters.SQL.Sandbox, :checkout, 2, [file: ~c"lib/ecto/adapters/sql/sandbox.ex", line: 509]}, {Ecto.Adapters.SQL.Sandbox, :"-start_owner!/2-fun-0-", 3, [file: ~c"lib/ecto/adapters/sql/sandbox.ex", line: 416]}, {Agent.Server, :init, 1, [file: ~c"lib/agent/server.ex", line: 8]}, {:gen_server, :init_it, 2, [file: ~c"gen_server.erl", line: 980]}, {:gen_server, :init_it, 6, [file: ~c"gen_server.erl", line: 935]}, {:proc_lib, :init_p_do_apply, 3, [file: ~c"proc_lib.erl", line: 241]}]}}
     stacktrace:
       (ecto_sql 3.11.3) lib/ecto/adapters/sql/sandbox.ex:413: Ecto.Adapters.SQL.Sandbox.start_owner!/2
       (trento 2.4.0) test/support/conn_case.ex:42: TrentoWeb.ConnCase.__ex_unit_setup_1/1
       (trento 2.4.0) test/support/conn_case.ex:1: TrentoWeb.ConnCase.__ex_unit__/2
       test/trento_web/plugs/operations_policy_plug_test.exs:1: TrentoWeb.Plugs.OperationsPolicyPlugTest.__ex_unit__/2
</failure></testcase><testcase file="test/trento_web/plugs/operations_policy_plug_test.exs" classname="Elixir.TrentoWeb.Plugs.OperationsPolicyPlugTest" name="test should authorize operation" time="0.1429"/><testcase file="test/trento_web/plugs/operations_policy_plug_test.exs" classname="Elixir.TrentoWeb.Plugs.OperationsPolicyPlugTest" name="test should forbid operation if the resourcec is not authorized" time="0.7199"/></testsuite><testsuite errors="0" failures="1" skipped="0" name="Elixir.Trento.Infrastructure.Alerting.AlertingTest" tests="11" time="7.4438"><properties><property name="date" value="2025-05-07T07:47:02.472616Z"/><property name="seed" value="450092"/></properties><testcase file="test/trento/infrastructure/alerting/alerting_test.exs" classname="Elixir.Trento.Infrastructure.Alerting.AlertingTest" name="test Alerting the configured recipient about crucial facts with email notifications Notify Database Health going critical" time="0.2415"/><testcase file="test/trento/infrastructure/alerting/alerting_test.exs" classname="Elixir.Trento.Infrastructure.Alerting.AlertingTest" name="test Enabling/Disabling Alerting Feature No email should be sent when alerting is disabled" time="0.4790"/><testcase file="test/trento/infrastructure/alerting/alerting_test.exs" classname="Elixir.Trento.Infrastructure.Alerting.AlertingTest" name="test Alerting the configured recipient about crucial facts with email notifications Should not notify if the api key expiration is infinite" time="0.2466"/><testcase file="test/trento/infrastructure/alerting/alerting_test.exs" classname="Elixir.Trento.Infrastructure.Alerting.AlertingTest" name="test Alerting the configured recipient about crucial facts with email notifications Notify api key is expired" time="0.5435"/><testcase file="test/trento/infrastructure/alerting/alerting_test.exs" classname="Elixir.Trento.Infrastructure.Alerting.AlertingTest" name="test Alerting the configured recipient about crucial facts with email notifications Notify SAP System Health going critical" time="0.3112"/><testcase file="test/trento/infrastructure/alerting/alerting_test.exs" classname="Elixir.Trento.Infrastructure.Alerting.AlertingTest" name="test Enabling/Disabling Alerting Feature An error should be raised when alerting is enabled but no recipient was provided" time="0.3291"/><testcase file="test/trento/infrastructure/alerting/alerting_test.exs" classname="Elixir.Trento.Infrastructure.Alerting.AlertingTest" name="test Alerting the configured recipient about crucial facts with email notifications Notify api key will be expired soon" time="0.4254"><failure message="error: no match of right hand side value: {:error, {%DBConnection.ConnectionError{message: &quot;connection not available and request was dropped from queue after 425ms. This means requests are coming in and your connection pool cannot serve them fast enough. You can address this by:\n\n  1. Ensuring your database is available and that you can connect to it\n  2. Tracking down slow queries and making sure they are running fast enough\n  3. Increasing the pool_size (although this increases resource consumption)\n  4. Allowing requests to wait longer by increasing :queue_target and :queue_interval\n\nSee DBConnection.start_link/2 for more information\n&quot;, severity: :error, reason: :queue_timeout}, [{DBConnection.Ownership, :ownership_checkout, 2, [file: ~c&quot;lib/db_connection/ownership.ex&quot;, line: 109, error_info: %{module: Exception}]}, {Ecto.Adapters.SQL.Sandbox, :checkout, 2, [file: ~c&quot;lib/ecto/adapters/sql/sandbox.ex&quot;, line: 509]}, {Ecto.Adapters.SQL.Sandbox, :&quot;-start_owner!/2-fun-0-&quot;, 3, [file: ~c&quot;lib/ecto/adapters/sql/sandbox.ex&quot;, line: 416]}, {Agent.Server, :init, 1, [file: ~c&quot;lib/agent/server.ex&quot;, line: 8]}, {:gen_server, :init_it, 2, [file: ~c&quot;gen_server.erl&quot;, line: 980]}, {:gen_server, :init_it, 6, [file: ~c&quot;gen_server.erl&quot;, line: 935]}, {:proc_lib, :init_p_do_apply, 3, [file: ~c&quot;proc_lib.erl&quot;, line: 241]}]}}">  7) test Alerting the configured recipient about crucial facts with email notifications Notify api key will be expired soon (Trento.Infrastructure.Alerting.AlertingTest)
     test/trento/infrastructure/alerting/alerting_test.exs:75
     ** (MatchError) no match of right hand side value: {:error, {%DBConnection.ConnectionError{message: "connection not available and request was dropped from queue after 425ms. This means requests are coming in and your connection pool cannot serve them fast enough. You can address this by:\n\n  1. Ensuring your database is available and that you can connect to it\n  2. Tracking down slow queries and making sure they are running fast enough\n  3. Increasing the pool_size (although this increases resource consumption)\n  4. Allowing requests to wait longer by increasing :queue_target and :queue_interval\n\nSee DBConnection.start_link/2 for more information\n", severity: :error, reason: :queue_timeout}, [{DBConnection.Ownership, :ownership_checkout, 2, [file: ~c"lib/db_connection/ownership.ex", line: 109, error_info: %{module: Exception}]}, {Ecto.Adapters.SQL.Sandbox, :checkout, 2, [file: ~c"lib/ecto/adapters/sql/sandbox.ex", line: 509]}, {Ecto.Adapters.SQL.Sandbox, :"-start_owner!/2-fun-0-", 3, [file: ~c"lib/ecto/adapters/sql/sandbox.ex", line: 416]}, {Agent.Server, :init, 1, [file: ~c"lib/agent/server.ex", line: 8]}, {:gen_server, :init_it, 2, [file: ~c"gen_server.erl", line: 980]}, {:gen_server, :init_it, 6, [file: ~c"gen_server.erl", line: 935]}, {:proc_lib, :init_p_do_apply, 3, [file: ~c"proc_lib.erl", line: 241]}]}}
     stacktrace:
       (ecto_sql 3.11.3) lib/ecto/adapters/sql/sandbox.ex:413: Ecto.Adapters.SQL.Sandbox.start_owner!/2
       (trento 2.4.0) test/support/data_case.ex:33: Trento.DataCase.__ex_unit_setup_0/1
       (trento 2.4.0) test/support/data_case.ex:1: Trento.DataCase.__ex_unit__/2
       test/trento/infrastructure/alerting/alerting_test.exs:1: Trento.Infrastructure.Alerting.AlertingTest.__ex_unit__/2
</failure></testcase><testcase file="test/trento/infrastructure/alerting/alerting_test.exs" classname="Elixir.Trento.Infrastructure.Alerting.AlertingTest" name="test Alerting errors should be caught if SMTP server is wrongly set up" time="0.6389"/><testcase file="test/trento/infrastructure/alerting/alerting_test.exs" classname="Elixir.Trento.Infrastructure.Alerting.AlertingTest" name="test Alerting the configured recipient about crucial facts with email notifications Notify Cluster Health going critical" time="0.3012"/><testcase file="test/trento/infrastructure/alerting/alerting_test.exs" classname="Elixir.Trento.Infrastructure.Alerting.AlertingTest" name="test Enabling/Disabling Alerting Feature An error should be raised when alerting is enabled but no sender was provided" time="1.6914"/><testcase file="test/trento/infrastructure/alerting/alerting_test.exs" classname="Elixir.Trento.Infrastructure.Alerting.AlertingTest" name="test Alerting the configured recipient about crucial facts with email notifications Notify Host Health going critical" time="2.2359"/></testsuite><testsuite errors="0" failures="0" skipped="0" name="Elixir.Trento.Operations.DatabaseInstancePolicyTest" tests="5" time="0.0815"><properties><property name="date" value="2025-05-07T07:47:02.472616Z"/><property name="seed" value="450092"/></properties><testcase file="test/trento/operations/database_instance_policy_test.exs" classname="Elixir.Trento.Operations.DatabaseInstancePolicyTest" name="test should forbid unknown operation" time="0.0001"/><testcase file="test/trento/operations/database_instance_policy_test.exs" classname="Elixir.Trento.Operations.DatabaseInstancePolicyTest" name="test maintenance should forbid operation if the database instance is not stopped and cluster is not in maintenance" time="0.0003"/><testcase file="test/trento/operations/database_instance_policy_test.exs" classname="Elixir.Trento.Operations.DatabaseInstancePolicyTest" name="test maintenance should forbid operation if the database instance is not stopped" time="0.0005"/><testcase file="test/trento/operations/database_instance_policy_test.exs" classname="Elixir.Trento.Operations.DatabaseInstancePolicyTest" name="test maintenance should authorize operation if the cluster is in maintenance mode" time="0.0010"/><testcase file="test/trento/operations/database_instance_policy_test.exs" classname="Elixir.Trento.Operations.DatabaseInstancePolicyTest" name="test maintenance should authorize operation if the database instance is not clustered" time="0.0796"/></testsuite><testsuite errors="0" failures="0" skipped="0" name="Elixir.Trento.ActivityLog.EventParser" tests="4" time="0.0023"><properties><property name="date" value="2025-05-07T07:47:02.472616Z"/><property name="seed" value="450092"/></properties><testcase file="test/trento/activity_logging/event_parser_test.exs" classname="Elixir.Trento.ActivityLog.EventParser" name="test actor detection should not detect actor for unrecognized input" time="0.0005"/><testcase file="test/trento/activity_logging/event_parser_test.exs" classname="Elixir.Trento.ActivityLog.EventParser" name="test actor detection should detect actor for recognized input" time="0.0005"/><testcase file="test/trento/activity_logging/event_parser_test.exs" classname="Elixir.Trento.ActivityLog.EventParser" name="test metadata extraction should detect metadata for recognized input" time="0.0006"/><testcase file="test/trento/activity_logging/event_parser_test.exs" classname="Elixir.Trento.ActivityLog.EventParser" name="test metadata extraction should fallback to empty map for unrecognized input" time="0.0007"/></testsuite><testsuite errors="0" failures="0" skipped="0" name="Elixir.Trento.Support.StructHelperTest" tests="1" time="0.0002"><properties><property name="date" value="2025-05-07T07:47:02.472616Z"/><property name="seed" value="450092"/></properties><testcase file="test/trento/support/struct_helper_test.exs" classname="Elixir.Trento.Support.StructHelperTest" name="test to_atomize_map/1 should map plain keys to atom keys" time="0.0002"/></testsuite><testsuite errors="0" failures="0" skipped="0" name="Elixir.Trento.Infrastructure.Prometheus.PrometheusApiTest" tests="14" time="0.0480"><properties><property name="date" value="2025-05-07T07:47:02.472616Z"/><property name="seed" value="450092"/></properties><testcase file="test/trento/infrastructure/prometheus/adapters/prometheus_api_test.exs" classname="Elixir.Trento.Infrastructure.Prometheus.PrometheusApiTest" name="test host chart fetching should get ram_cache_and_buffer data" time="0.0030"/><testcase file="test/trento/infrastructure/prometheus/adapters/prometheus_api_test.exs" classname="Elixir.Trento.Infrastructure.Prometheus.PrometheusApiTest" name="test host chart fetching should get cpu_busy_system data" time="0.0042"/><testcase file="test/trento/infrastructure/prometheus/adapters/prometheus_api_test.exs" classname="Elixir.Trento.Infrastructure.Prometheus.PrometheusApiTest" name="test should return not found is the host is not registered" time="0.0019"/><testcase file="test/trento/infrastructure/prometheus/adapters/prometheus_api_test.exs" classname="Elixir.Trento.Infrastructure.Prometheus.PrometheusApiTest" name="test host chart fetching should get cpu_busy_iowait data" time="0.0027"/><testcase file="test/trento/infrastructure/prometheus/adapters/prometheus_api_test.exs" classname="Elixir.Trento.Infrastructure.Prometheus.PrometheusApiTest" name="test host chart fetching should get cpu_busy_other data" time="0.0022"/><testcase file="test/trento/infrastructure/prometheus/adapters/prometheus_api_test.exs" classname="Elixir.Trento.Infrastructure.Prometheus.PrometheusApiTest" name="test host chart fetching should get ram_total data" time="0.0025"/><testcase file="test/trento/infrastructure/prometheus/adapters/prometheus_api_test.exs" classname="Elixir.Trento.Infrastructure.Prometheus.PrometheusApiTest" name="test host chart fetching should get num_cpus" time="0.0031"/><testcase file="test/trento/infrastructure/prometheus/adapters/prometheus_api_test.exs" classname="Elixir.Trento.Infrastructure.Prometheus.PrometheusApiTest" name="test host chart fetching should get cpu_busy_irqs data" time="0.0040"/><testcase file="test/trento/infrastructure/prometheus/adapters/prometheus_api_test.exs" classname="Elixir.Trento.Infrastructure.Prometheus.PrometheusApiTest" name="test host chart fetching should get ram_free data" time="0.0035"/><testcase file="test/trento/infrastructure/prometheus/adapters/prometheus_api_test.exs" classname="Elixir.Trento.Infrastructure.Prometheus.PrometheusApiTest" name="test host chart fetching should get ram_used data" time="0.0023"/><testcase file="test/trento/infrastructure/prometheus/adapters/prometheus_api_test.exs" classname="Elixir.Trento.Infrastructure.Prometheus.PrometheusApiTest" name="test host chart fetching should get swap_used data" time="0.0032"/><testcase file="test/trento/infrastructure/prometheus/adapters/prometheus_api_test.exs" classname="Elixir.Trento.Infrastructure.Prometheus.PrometheusApiTest" name="test host chart fetching should get cpu_idle data" time="0.0020"/><testcase file="test/trento/infrastructure/prometheus/adapters/prometheus_api_test.exs" classname="Elixir.Trento.Infrastructure.Prometheus.PrometheusApiTest" name="test host chart fetching should return no samples when no data is found" time="0.0022"/><testcase file="test/trento/infrastructure/prometheus/adapters/prometheus_api_test.exs" classname="Elixir.Trento.Infrastructure.Prometheus.PrometheusApiTest" name="test host chart fetching should get cpu_busy_user data" time="0.0111"/></testsuite><testsuite errors="0" failures="0" skipped="0" name="Elixir.Trento.Operations.ApplicationInstancePolicyTest" tests="5" time="0.2655"><properties><property name="date" value="2025-05-07T07:47:02.472616Z"/><property name="seed" value="450092"/></properties><testcase file="test/trento/operations/application_instance_policy_test.exs" classname="Elixir.Trento.Operations.ApplicationInstancePolicyTest" name="test should forbid unknown operation" time="0.0001"/><testcase file="test/trento/operations/application_instance_policy_test.exs" classname="Elixir.Trento.Operations.ApplicationInstancePolicyTest" name="test maintenance should forbid operation if the application instance is not stopped and cluster is not in maintenance" time="0.0003"/><testcase file="test/trento/operations/application_instance_policy_test.exs" classname="Elixir.Trento.Operations.ApplicationInstancePolicyTest" name="test maintenance should forbid operation if the application instance is not stopped" time="0.0004"/><testcase file="test/trento/operations/application_instance_policy_test.exs" classname="Elixir.Trento.Operations.ApplicationInstancePolicyTest" name="test maintenance should authorize operation if the cluster is in maintenance mode" time="0.0010"/><testcase file="test/trento/operations/application_instance_policy_test.exs" classname="Elixir.Trento.Operations.ApplicationInstancePolicyTest" name="test maintenance should authorize operation if the application instance is not clustered" time="0.2637"/></testsuite><testsuite errors="0" failures="0" skipped="0" name="Elixir.Trento.VaultTest" tests="2" time="0.0007"><properties><property name="date" value="2025-05-07T07:47:02.472616Z"/><property name="seed" value="450092"/></properties><testcase file="test/trento/vault_test.exs" classname="Elixir.Trento.VaultTest" name="test should encrypt plain content" time="0.0003"/><testcase file="test/trento/vault_test.exs" classname="Elixir.Trento.VaultTest" name="test should decrypt to plain content" time="0.0003"/></testsuite><testsuite errors="0" failures="0" skipped="0" name="Elixir.Trento.ChartsTest" tests="6" time="0.0410"><properties><property name="date" value="2025-05-07T07:47:02.472616Z"/><property name="seed" value="450092"/></properties><testcase file="test/trento/charts_test.exs" classname="Elixir.Trento.ChartsTest" name="test host cpu charts should return an error if the host does not exists" time="0.0019"/><testcase file="test/trento/charts_test.exs" classname="Elixir.Trento.ChartsTest" name="test host_memory_charts should return an HostMemoryChart with empty series when no data is found" time="0.0189"/><testcase file="test/trento/charts_test.exs" classname="Elixir.Trento.ChartsTest" name="test host_memory_charts should return results for each section of the memory chart when data is found" time="0.0052"/><testcase file="test/trento/charts_test.exs" classname="Elixir.Trento.ChartsTest" name="test host cpu charts should return results for each section of the cpu chart when data is found" time="0.0070"/><testcase file="test/trento/charts_test.exs" classname="Elixir.Trento.ChartsTest" name="test host_memory_charts should return an error if the host does not exists" time="0.0018"/><testcase file="test/trento/charts_test.exs" classname="Elixir.Trento.ChartsTest" name="test host cpu charts should return ChartTimeSeries struct with empty series when cpu data is not found" time="0.0063"/></testsuite><testsuite errors="0" failures="0" skipped="0" name="Elixir.Trento.ActivityLog.ActivityLogTest" tests="6" time="3.9733"><properties><property name="date" value="2025-05-07T07:47:02.472616Z"/><property name="seed" value="450092"/></properties><testcase file="test/trento/activity_logging/activity_log_test.exs" classname="Elixir.Trento.ActivityLog.ActivityLogTest" name="test clear_expired_logs clear expired logs with one day retention" time="0.3214"/><testcase file="test/trento/activity_logging/activity_log_test.exs" classname="Elixir.Trento.ActivityLog.ActivityLogTest" name="test clear_expired_logs clear expired logs with two years retention" time="0.2945"/><testcase file="test/trento/activity_logging/activity_log_test.exs" classname="Elixir.Trento.ActivityLog.ActivityLogTest" name="test clear_expired_logs clear expired logs with two months retention" time="0.3993"/><testcase file="test/trento/activity_logging/activity_log_test.exs" classname="Elixir.Trento.ActivityLog.ActivityLogTest" name="test clear_expired_logs clear expired logs with two days retention" time="0.1880"/><testcase file="test/trento/activity_logging/activity_log_test.exs" classname="Elixir.Trento.ActivityLog.ActivityLogTest" name="test clear_expired_logs clear expired logs with one month retention" time="0.6277"/><testcase file="test/trento/activity_logging/activity_log_test.exs" classname="Elixir.Trento.ActivityLog.ActivityLogTest" name="test clear_expired_logs clear expired logs with one week retention" time="2.1424"/></testsuite><testsuite errors="0" failures="0" skipped="0" name="Elixir.Trento.Discovery.Policies.SapSystemPolicyTest" tests="17" time="0.0232"><properties><property name="date" value="2025-05-07T07:47:02.472616Z"/><property name="seed" value="450092"/></properties><testcase file="test/trento/discovery/policies/sap_system_policy_test.exs" classname="Elixir.Trento.Discovery.Policies.SapSystemPolicyTest" name="test delta deregistration should deregister all instances if the discovered instances contains an empty list inside a regular payload" time="0.0011"/><testcase file="test/trento/discovery/policies/sap_system_policy_test.exs" classname="Elixir.Trento.Discovery.Policies.SapSystemPolicyTest" name="test should parse currentInstance if it is not sent in the payload" time="0.0006"/><testcase file="test/trento/discovery/policies/sap_system_policy_test.exs" classname="Elixir.Trento.Discovery.Policies.SapSystemPolicyTest" name="test should return the expected commands when a sap_system payload of type application and diagnostics is handled and the host is part of a cluster" time="0.0018"/><testcase file="test/trento/discovery/policies/sap_system_policy_test.exs" classname="Elixir.Trento.Discovery.Policies.SapSystemPolicyTest" name="test should return the expected commands when a sap_system payload of type database is handled with multiple tenants" time="0.0008"/><testcase file="test/trento/discovery/policies/sap_system_policy_test.exs" classname="Elixir.Trento.Discovery.Policies.SapSystemPolicyTest" name="test should return the expected commands when a sap_system payload of type application is handled and a sap instance is not mounted" time="0.0018"/><testcase file="test/trento/discovery/policies/sap_system_policy_test.exs" classname="Elixir.Trento.Discovery.Policies.SapSystemPolicyTest" name="test should return the expected commands when a sap_system payload of type application is handled and the sap instance is not part of a cluster" time="0.0018"/><testcase file="test/trento/discovery/policies/sap_system_policy_test.exs" classname="Elixir.Trento.Discovery.Policies.SapSystemPolicyTest" name="test should return the expected commands when a sap_system payload of type application with ensa version is handled" time="0.0012"/><testcase file="test/trento/discovery/policies/sap_system_policy_test.exs" classname="Elixir.Trento.Discovery.Policies.SapSystemPolicyTest" name="test should return the expected commands when a sap_system payload of type database is handled" time="0.0007"/><testcase file="test/trento/discovery/policies/sap_system_policy_test.exs" classname="Elixir.Trento.Discovery.Policies.SapSystemPolicyTest" name="test should return the expected commands when a sap_system payload of type application is handled and the sap instance is part of a cluster" time="0.0020"/><testcase file="test/trento/discovery/policies/sap_system_policy_test.exs" classname="Elixir.Trento.Discovery.Policies.SapSystemPolicyTest" name="test delta deregistration should deregister the old instances and register the new ones" time="0.0009"/><testcase file="test/trento/discovery/policies/sap_system_policy_test.exs" classname="Elixir.Trento.Discovery.Policies.SapSystemPolicyTest" name="test validation should fail if an application instance payload does not have a dbname entry in the profile" time="0.0007"/><testcase file="test/trento/discovery/policies/sap_system_policy_test.exs" classname="Elixir.Trento.Discovery.Policies.SapSystemPolicyTest" name="test should return an empty list of commands if an empty payload is received" time="0.0004"/><testcase file="test/trento/discovery/policies/sap_system_policy_test.exs" classname="Elixir.Trento.Discovery.Policies.SapSystemPolicyTest" name="test delta deregistration should not deregister any instance if the discovered instances did not change" time="0.0006"/><testcase file="test/trento/discovery/policies/sap_system_policy_test.exs" classname="Elixir.Trento.Discovery.Policies.SapSystemPolicyTest" name="test should return the expected commands when a sap_system payload of type application and diagnostics is handled" time="0.0007"/><testcase file="test/trento/discovery/policies/sap_system_policy_test.exs" classname="Elixir.Trento.Discovery.Policies.SapSystemPolicyTest" name="test delta deregistration should deregister all instances if the discovered instances is an empty list" time="0.0008"/><testcase file="test/trento/discovery/policies/sap_system_policy_test.exs" classname="Elixir.Trento.Discovery.Policies.SapSystemPolicyTest" name="test should return the expected commands when a sap_system payload of type database is handled in the event of a stopped instance" time="0.0061"/><testcase file="test/trento/discovery/policies/sap_system_policy_test.exs" classname="Elixir.Trento.Discovery.Policies.SapSystemPolicyTest" name="test should return the expected commands when a sap_system payload of type application is handled" time="0.0013"/></testsuite><testsuite errors="0" failures="0" skipped="0" name="Elixir.TrentoWeb.ErrorJSONTest" tests="10" time="0.0080"><properties><property name="date" value="2025-05-07T07:47:02.472616Z"/><property name="seed" value="450092"/></properties><testcase file="test/trento_web/views/error_view_json_test.exs" classname="Elixir.TrentoWeb.ErrorJSONTest" name="test should render a 500 error" time="0.0004"/><testcase file="test/trento_web/views/error_view_json_test.exs" classname="Elixir.TrentoWeb.ErrorJSONTest" name="test should render a 400 error" time="0.0004"/><testcase file="test/trento_web/views/error_view_json_test.exs" classname="Elixir.TrentoWeb.ErrorJSONTest" name="test should render a 422 error (validation error)" time="0.0004"/><testcase file="test/trento_web/views/error_view_json_test.exs" classname="Elixir.TrentoWeb.ErrorJSONTest" name="test should render a 422 error (string)" time="0.0004"/><testcase file="test/trento_web/views/error_view_json_test.exs" classname="Elixir.TrentoWeb.ErrorJSONTest" name="test should render a generic error based on the template name" time="0.0011"/><testcase file="test/trento_web/views/error_view_json_test.exs" classname="Elixir.TrentoWeb.ErrorJSONTest" name="test should render a 401 error" time="0.0024"/><testcase file="test/trento_web/views/error_view_json_test.exs" classname="Elixir.TrentoWeb.ErrorJSONTest" name="test should render a 404 error" time="0.0008"/><testcase file="test/trento_web/views/error_view_json_test.exs" classname="Elixir.TrentoWeb.ErrorJSONTest" name="test should render a 422 error (changeset) with interpolated values" time="0.0007"/><testcase file="test/trento_web/views/error_view_json_test.exs" classname="Elixir.TrentoWeb.ErrorJSONTest" name="test should render a 403 error" time="0.0008"/><testcase file="test/trento_web/views/error_view_json_test.exs" classname="Elixir.TrentoWeb.ErrorJSONTest" name="test should render a 422 error (changeset)" time="0.0006"/></testsuite><testsuite errors="0" failures="0" skipped="0" name="Elixir.Trento.Infrastructure.Commanded.Middleware.EnrichRequestHostDeregistrationTest" tests="6" time="0.0365"><properties><property name="date" value="2025-05-07T07:47:02.472616Z"/><property name="seed" value="450092"/></properties><testcase file="test/trento/infrastructure/commanded/middleware/enrich_request_host_deregistration_test.exs" classname="Elixir.Trento.Infrastructure.Commanded.Middleware.EnrichRequestHostDeregistrationTest" name="test enrich RequestHostDeregistration should deregister host if deregistration request is outside debounce period" time="0.0062"/><testcase file="test/trento/infrastructure/commanded/middleware/enrich_request_host_deregistration_test.exs" classname="Elixir.Trento.Infrastructure.Commanded.Middleware.EnrichRequestHostDeregistrationTest" name="test enrich RequestHostDeregistration should return an error if host does not exist" time="0.0023"/><testcase file="test/trento/infrastructure/commanded/middleware/enrich_request_host_deregistration_test.exs" classname="Elixir.Trento.Infrastructure.Commanded.Middleware.EnrichRequestHostDeregistrationTest" name="test enrich RequestHostDeregistration should return an error when deregistering a host that is already deregistered and does not have a heartbeat entry" time="0.0060"/><testcase file="test/trento/infrastructure/commanded/middleware/enrich_request_host_deregistration_test.exs" classname="Elixir.Trento.Infrastructure.Commanded.Middleware.EnrichRequestHostDeregistrationTest" name="test enrich RequestHostDeregistration should deregister host if host does not have a heartbeat entry" time="0.0073"/><testcase file="test/trento/infrastructure/commanded/middleware/enrich_request_host_deregistration_test.exs" classname="Elixir.Trento.Infrastructure.Commanded.Middleware.EnrichRequestHostDeregistrationTest" name="test enrich RequestHostDeregistration should return an error when deregistering a host that is already deregistered" time="0.0056"/><testcase file="test/trento/infrastructure/commanded/middleware/enrich_request_host_deregistration_test.exs" classname="Elixir.Trento.Infrastructure.Commanded.Middleware.EnrichRequestHostDeregistrationTest" name="test enrich RequestHostDeregistration should return an error if deregistration request is within debounce period" time="0.0090"/></testsuite><testsuite errors="0" failures="0" skipped="0" name="Elixir.Trento.Hosts.PolicyTest" tests="12" time="0.0069"><properties><property name="date" value="2025-05-07T07:47:02.472616Z"/><property name="seed" value="450092"/></properties><testcase file="test/trento/hosts/policy_test.exs" classname="Elixir.Trento.Hosts.PolicyTest" name="test should allow unguarded actions" time="0.0006"/><testcase file="test/trento/hosts/policy_test.exs" classname="Elixir.Trento.Hosts.PolicyTest" name="test request_operation should allow saptune_solution_apply operation if the user has saptune_solution_apply:host ability" time="0.0006"/><testcase file="test/trento/hosts/policy_test.exs" classname="Elixir.Trento.Hosts.PolicyTest" name="test should allow select_checks action if the user has all:host_checks_selection ability" time="0.0005"/><testcase file="test/trento/hosts/policy_test.exs" classname="Elixir.Trento.Hosts.PolicyTest" name="test should allow delete action if the user has cleanup:host ability" time="0.0005"/><testcase file="test/trento/hosts/policy_test.exs" classname="Elixir.Trento.Hosts.PolicyTest" name="test should not allow request_checks_execution action if the user does not have the all:host_checks_execution ability" time="0.0004"/><testcase file="test/trento/hosts/policy_test.exs" classname="Elixir.Trento.Hosts.PolicyTest" name="test request_operation should allow saptune_solution_apply operation if the user has all:all ability" time="0.0006"/><testcase file="test/trento/hosts/policy_test.exs" classname="Elixir.Trento.Hosts.PolicyTest" name="test should disallow select_checks action if the user does not
[...]
     test/trento_web/plugs/activity_logging_plug_test.exs:10
     ** (MatchError) no match of right hand side value: {:error, {%DBConnection.ConnectionError{message: "connection not available and request was dropped from queue after 424ms. This means requests are coming in and your connection pool cannot serve them fast enough. You can address this by:\n\n  1. Ensuring your database is available and that you can connect to it\n  2. Tracking down slow queries and making sure they are running fast enough\n  3. Increasing the pool_size (although this increases resource consumption)\n  4. Allowing requests to wait longer by increasing :queue_target and :queue_interval\n\nSee DBConnection.start_link/2 for more information\n", severity: :error, reason: :queue_timeout}, [{DBConnection.Ownership, :ownership_checkout, 2, [file: ~c"lib/db_connection/ownership.ex", line: 109, error_info: %{module: Exception}]}, {Ecto.Adapters.SQL.Sandbox, :checkout, 2, [file: ~c"lib/ecto/adapters/sql/sandbox.ex", line: 509]}, {Ecto.Adapters.SQL.Sandbox, :"-start_owner!/2-fun-0-", 3, [file: ~c"lib/ecto/adapters/sql/sandbox.ex", line: 416]}, {Agent.Server, :init, 1, [file: ~c"lib/agent/server.ex", line: 8]}, {:gen_server, :init_it, 2, [file: ~c"gen_server.erl", line: 980]}, {:gen_server, :init_it, 6, [file: ~c"gen_server.erl", line: 935]}, {:proc_lib, :init_p_do_apply, 3, [file: ~c"proc_lib.erl", line: 241]}]}}
     stacktrace:
       (ecto_sql 3.11.3) lib/ecto/adapters/sql/sandbox.ex:413: Ecto.Adapters.SQL.Sandbox.start_owner!/2
       (trento 2.4.0) test/support/conn_case.ex:42: TrentoWeb.ConnCase.__ex_unit_setup_1/1
       (trento 2.4.0) test/support/conn_case.ex:1: TrentoWeb.ConnCase.__ex_unit__/2
       test/trento_web/plugs/activity_logging_plug_test.exs:1: TrentoWeb.Plugs.ActivityLoggingPlugTest.__ex_unit__/2
</failure></testcase><testcase file="test/trento_web/plugs/activity_logging_plug_test.exs" classname="Elixir.TrentoWeb.Plugs.ActivityLoggingPlugTest" name="test should log activity on requests without user information - method: delete" time="0.1499"/><testcase file="test/trento_web/plugs/activity_logging_plug_test.exs" classname="Elixir.TrentoWeb.Plugs.ActivityLoggingPlugTest" name="test should log activity on requests without user information - method: post" time="0.7320"/><testcase file="test/trento_web/plugs/activity_logging_plug_test.exs" classname="Elixir.TrentoWeb.Plugs.ActivityLoggingPlugTest" name="test should log activity on requests without user information - method: patch" time="2.4717"/><testcase file="test/trento_web/plugs/activity_logging_plug_test.exs" classname="Elixir.TrentoWeb.Plugs.ActivityLoggingPlugTest" name="test should log activity on requests without user information - method: put" time="0.4720"/></testsuite><testsuite errors="0" failures="0" skipped="0" name="Elixir.Trento.Databases.Events.DatabaseRolledUpTest" tests="2" time="0.0005"><properties><property name="date" value="2025-05-07T07:47:02.472616Z"/><property name="seed" value="450092"/></properties><testcase file="test/trento/databases/events/database_rolled_up_test.exs" classname="Elixir.Trento.Databases.Events.DatabaseRolledUpTest" name="test DatabaseRolledUp event upcasting, version 2 should upcast the current snapshot format when the snapshot has legacy data" time="0.0002"/><testcase file="test/trento/databases/events/database_rolled_up_test.exs" classname="Elixir.Trento.Databases.Events.DatabaseRolledUpTest" name="test DatabaseRolledUp event upcasting, version 2 should upcast the current snapshot format" time="0.0003"/></testsuite><testsuite errors="0" failures="2" skipped="0" name="Elixir.TrentoWeb.V1.PrometheusControllerTest" tests="4" time="1.3993"><properties><property name="date" value="2025-05-07T07:47:02.472616Z"/><property name="seed" value="450092"/></properties><testcase file="test/trento_web/controllers/v1/prometheus_controller_test.exs" classname="Elixir.TrentoWeb.V1.PrometheusControllerTest" name="test should return the expected targets" time="0.3161"/><testcase file="test/trento_web/controllers/v1/prometheus_controller_test.exs" classname="Elixir.TrentoWeb.V1.PrometheusControllerTest" name="test should return the exporters status" time="0.4822"><failure message="error: no match of right hand side value: {:error, {%DBConnection.ConnectionError{message: &quot;connection not available and request was dropped from queue after 482ms. This means requests are coming in and your connection pool cannot serve them fast enough. You can address this by:\n\n  1. Ensuring your database is available and that you can connect to it\n  2. Tracking down slow queries and making sure they are running fast enough\n  3. Increasing the pool_size (although this increases resource consumption)\n  4. Allowing requests to wait longer by increasing :queue_target and :queue_interval\n\nSee DBConnection.start_link/2 for more information\n&quot;, severity: :error, reason: :queue_timeout}, [{DBConnection.Ownership, :ownership_checkout, 2, [file: ~c&quot;lib/db_connection/ownership.ex&quot;, line: 109, error_info: %{module: Exception}]}, {Ecto.Adapters.SQL.Sandbox, :checkout, 2, [file: ~c&quot;lib/ecto/adapters/sql/sandbox.ex&quot;, line: 509]}, {Ecto.Adapters.SQL.Sandbox, :&quot;-start_owner!/2-fun-0-&quot;, 3, [file: ~c&quot;lib/ecto/adapters/sql/sandbox.ex&quot;, line: 416]}, {Agent.Server, :init, 1, [file: ~c&quot;lib/agent/server.ex&quot;, line: 8]}, {:gen_server, :init_it, 2, [file: ~c&quot;gen_server.erl&quot;, line: 980]}, {:gen_server, :init_it, 6, [file: ~c&quot;gen_server.erl&quot;, line: 935]}, {:proc_lib, :init_p_do_apply, 3, [file: ~c&quot;proc_lib.erl&quot;, line: 241]}]}}">  2) test should return the exporters status (TrentoWeb.V1.PrometheusControllerTest)
     test/trento_web/controllers/v1/prometheus_controller_test.exs:27
     ** (MatchError) no match of right hand side value: {:error, {%DBConnection.ConnectionError{message: "connection not available and request was dropped from queue after 482ms. This means requests are coming in and your connection pool cannot serve them fast enough. You can address this by:\n\n  1. Ensuring your database is available and that you can connect to it\n  2. Tracking down slow queries and making sure they are running fast enough\n  3. Increasing the pool_size (although this increases resource consumption)\n  4. Allowing requests to wait longer by increasing :queue_target and :queue_interval\n\nSee DBConnection.start_link/2 for more information\n", severity: :error, reason: :queue_timeout}, [{DBConnection.Ownership, :ownership_checkout, 2, [file: ~c"lib/db_connection/ownership.ex", line: 109, error_info: %{module: Exception}]}, {Ecto.Adapters.SQL.Sandbox, :checkout, 2, [file: ~c"lib/ecto/adapters/sql/sandbox.ex", line: 509]}, {Ecto.Adapters.SQL.Sandbox, :"-start_owner!/2-fun-0-", 3, [file: ~c"lib/ecto/adapters/sql/sandbox.ex", line: 416]}, {Agent.Server, :init, 1, [file: ~c"lib/agent/server.ex", line: 8]}, {:gen_server, :init_it, 2, [file: ~c"gen_server.erl", line: 980]}, {:gen_server, :init_it, 6, [file: ~c"gen_server.erl", line: 935]}, {:proc_lib, :init_p_do_apply, 3, [file: ~c"proc_lib.erl", line: 241]}]}}
     stacktrace:
       (ecto_sql 3.11.3) lib/ecto/adapters/sql/sandbox.ex:413: Ecto.Adapters.SQL.Sandbox.start_owner!/2
       (trento 2.4.0) test/support/conn_case.ex:42: TrentoWeb.ConnCase.__ex_unit_setup_1/1
       (trento 2.4.0) test/support/conn_case.ex:1: TrentoWeb.ConnCase.__ex_unit__/2
       test/trento_web/controllers/v1/prometheus_controller_test.exs:1: TrentoWeb.V1.PrometheusControllerTest.__ex_unit__/2
</failure></testcase><testcase file="test/trento_web/controllers/v1/prometheus_controller_test.exs" classname="Elixir.TrentoWeb.V1.PrometheusControllerTest" name="test should return a 500 if the exporters status cannot be fetched" time="0.4008"><failure message="error: no match of right hand side value: {:error, {%DBConnection.ConnectionError{message: &quot;connection not available and request was dropped from queue after 401ms. This means requests are coming in and your connection pool cannot serve them fast enough. You can address this by:\n\n  1. Ensuring your database is available and that you can connect to it\n  2. Tracking down slow queries and making sure they are running fast enough\n  3. Increasing the pool_size (although this increases resource consumption)\n  4. Allowing requests to wait longer by increasing :queue_target and :queue_interval\n\nSee DBConnection.start_link/2 for more information\n&quot;, severity: :error, reason: :queue_timeout}, [{DBConnection.Ownership, :ownership_checkout, 2, [file: ~c&quot;lib/db_connection/ownership.ex&quot;, line: 109, error_info: %{module: Exception}]}, {Ecto.Adapters.SQL.Sandbox, :checkout, 2, [file: ~c&quot;lib/ecto/adapters/sql/sandbox.ex&quot;, line: 509]}, {Ecto.Adapters.SQL.Sandbox, :&quot;-start_owner!/2-fun-0-&quot;, 3, [file: ~c&quot;lib/ecto/adapters/sql/sandbox.ex&quot;, line: 416]}, {Agent.Server, :init, 1, [file: ~c&quot;lib/agent/server.ex&quot;, line: 8]}, {:gen_server, :init_it, 2, [file: ~c&quot;gen_server.erl&quot;, line: 980]}, {:gen_server, :init_it, 6, [file: ~c&quot;gen_server.erl&quot;, line: 935]}, {:proc_lib, :init_p_do_apply, 3, [file: ~c&quot;proc_lib.erl&quot;, line: 241]}]}}">  3) test should return a 500 if the exporters status cannot be fetched (TrentoWeb.V1.PrometheusControllerTest)
     test/trento_web/controllers/v1/prometheus_controller_test.exs:60
     ** (MatchError) no match of right hand side value: {:error, {%DBConnection.ConnectionError{message: "connection not available and request was dropped from queue after 401ms. This means requests are coming in and your connection pool cannot serve them fast enough. You can address this by:\n\n  1. Ensuring your database is available and that you can connect to it\n  2. Tracking down slow queries and making sure they are running fast enough\n  3. Increasing the pool_size (although this increases resource consumption)\n  4. Allowing requests to wait longer by increasing :queue_target and :queue_interval\n\nSee DBConnection.start_link/2 for more information\n", severity: :error, reason: :queue_timeout}, [{DBConnection.Ownership, :ownership_checkout, 2, [file: ~c"lib/db_connection/ownership.ex", line: 109, error_info: %{module: Exception}]}, {Ecto.Adapters.SQL.Sandbox, :checkout, 2, [file: ~c"lib/ecto/adapters/sql/sandbox.ex", line: 509]}, {Ecto.Adapters.SQL.Sandbox, :"-start_owner!/2-fun-0-", 3, [file: ~c"lib/ecto/adapters/sql/sandbox.ex", line: 416]}, {Agent.Server, :init, 1, [file: ~c"lib/agent/server.ex", line: 8]}, {:gen_server, :init_it, 2, [file: ~c"gen_server.erl", line: 980]}, {:gen_server, :init_it, 6, [file: ~c"gen_server.erl", line: 935]}, {:proc_lib, :init_p_do_apply, 3, [file: ~c"proc_lib.erl", line: 241]}]}}
     stacktrace:
       (ecto_sql 3.11.3) lib/ecto/adapters/sql/sandbox.ex:413: Ecto.Adapters.SQL.Sandbox.start_owner!/2
       (trento 2.4.0) test/support/conn_case.ex:42: TrentoWeb.ConnCase.__ex_unit_setup_1/1
       (trento 2.4.0) test/support/conn_case.ex:1: TrentoWeb.ConnCase.__ex_unit__/2
       test/trento_web/controllers/v1/prometheus_controller_test.exs:1: TrentoWeb.V1.PrometheusControllerTest.__ex_unit__/2
</failure></testcase><testcase file="test/trento_web/controllers/v1/prometheus_controller_test.exs" classname="Elixir.TrentoWeb.V1.PrometheusControllerTest" name="test should return 404 if the host is not registered" time="0.2001"/></testsuite><testsuite errors="0" failures="0" skipped="0" name="Elixir.TrentoWeb.V1.ActivityLogJSONTest" tests="3" time="0.2560"><properties><property name="date" value="2025-05-07T07:47:02.472616Z"/><property name="seed" value="450092"/></properties><testcase file="test/trento_web/views/v1/activity_log_view_json_test.exs" classname="Elixir.TrentoWeb.V1.ActivityLogJSONTest" name="test should render plain activity_log_entry.json" time="0.0873"/><testcase file="test/trento_web/views/v1/activity_log_view_json_test.exs" classname="Elixir.TrentoWeb.V1.ActivityLogJSONTest" name="test should render redacted activity_log_entry.json" time="0.0779"/><testcase file="test/trento_web/views/v1/activity_log_view_json_test.exs" classname="Elixir.TrentoWeb.V1.ActivityLogJSONTest" name="test should render not redacted system activity as activity_log_entry.json" time="0.0907"/></testsuite><testsuite errors="0" failures="0" skipped="0" name="Elixir.Trento.HeartbeatsTest" tests="4" time="0.0124"><properties><property name="date" value="2025-05-07T07:47:02.472616Z"/><property name="seed" value="450092"/></properties><testcase file="test/trento/heartbeats_test.exs" classname="Elixir.Trento.HeartbeatsTest" name="test create new heartbeat" time="0.0032"/><testcase file="test/trento/heartbeats_test.exs" classname="Elixir.Trento.HeartbeatsTest" name="test update existing heartbeat" time="0.0032"/><testcase file="test/trento/heartbeats_test.exs" classname="Elixir.Trento.HeartbeatsTest" name="test filter deregistered hosts from heartbeat failed check" time="0.0029"/><testcase file="test/trento/heartbeats_test.exs" classname="Elixir.Trento.HeartbeatsTest" name="test dispatch commands on heartbeat expiration" time="0.0030"/></testsuite><testsuite errors="0" failures="0" skipped="0" name="Elixir.TrentoWeb.V1.UsersControllerTest" tests="22" time="20.9962"><properties><property name="date" value="2025-05-07T07:47:02.472616Z"/><property name="seed" value="450092"/></properties><testcase file="test/trento_web/controllers/v1/users_controller_test.exs" classname="Elixir.TrentoWeb.V1.UsersControllerTest" name="test update user should update the user if parameters are valid" time="0.4668"/><testcase file="test/trento_web/controllers/v1/users_controller_test.exs" classname="Elixir.TrentoWeb.V1.UsersControllerTest" name="test update user should not update the user if parameters are valid but an error is returned from update operation" time="0.4614"/><testcase file="test/trento_web/controllers/v1/users_controller_test.exs" classname="Elixir.TrentoWeb.V1.UsersControllerTest" name="test create user should not create the user when request parameters are valid but error are returned during creation" time="0.5601"/><testcase file="test/trento_web/controllers/v1/users_controller_test.exs" classname="Elixir.TrentoWeb.V1.UsersControllerTest" name="test forbidden response should return not implemented on create endpoint when external idp integration is enabled" time="0.3593"/><testcase file="test/trento_web/controllers/v1/users_controller_test.exs" classname="Elixir.TrentoWeb.V1.UsersControllerTest" name="test create user should create the user when parameters are valid" time="0.9077"/><testcase file="test/trento_web/controllers/v1/users_controller_test.exs" classname="Elixir.TrentoWeb.V1.UsersControllerTest" name="test show user should not show the user when does not exists" time="0.4197"/><testcase file="test/trento_web/controllers/v1/users_controller_test.exs" classname="Elixir.TrentoWeb.V1.UsersControllerTest" name="test update user should not update an existing user if the body is empty in a patch operation" time="0.4914"/><testcase file="test/trento_web/controllers/v1/users_controller_test.exs" classname="Elixir.TrentoWeb.V1.UsersControllerTest" name="test delete user should delete a user when the user is found" time="0.5768"/><testcase file="test/trento_web/controllers/v1/users_controller_test.exs" classname="Elixir.TrentoWeb.V1.UsersControllerTest" name="test forbidden response should return forbidden on any controller action if the user does not have the right permission" time="0.7707"/><testcase file="test/trento_web/controllers/v1/users_controller_test.exs" classname="Elixir.TrentoWeb.V1.UsersControllerTest" name="test delete user should not delete a user when the user is not found" time="0.4291"/><testcase file="test/trento_web/controllers/v1/users_controller_test.exs" classname="Elixir.TrentoWeb.V1.UsersControllerTest" name="test show user should show the user when user exists" time="0.6524"/><testcase file="test/trento_web/controllers/v1/users_controller_test.exs" classname="Elixir.TrentoWeb.V1.UsersControllerTest" name="test update user should disable the TOTP feature for a user" time="0.5017"/><testcase file="test/trento_web/controllers/v1/users_controller_test.exs" classname="Elixir.TrentoWeb.V1.UsersControllerTest" name="test update user should not update the user if parameters are not valid" time="0.5993"/><testcase file="test/trento_web/controllers/v1/users_controller_test.exs" classname="Elixir.TrentoWeb.V1.UsersControllerTest" name="test update user should only update abilities and enabled when sso is enabled" time="0.9060"/><testcase file="test/trento_web/controllers/v1/users_controller_test.exs" classname="Elixir.TrentoWeb.V1.UsersControllerTest" name="test update user should update the user with abilities" time="1.5451"/><testcase file="test/trento_web/controllers/v1/users_controller_test.exs" classname="Elixir.TrentoWeb.V1.UsersControllerTest" name="test update user should return 404 if the user does not exists" time="1.1548"/><testcase file="test/trento_web/controllers/v1/users_controller_test.exs" classname="Elixir.TrentoWeb.V1.UsersControllerTest" name="test update user should not update the user when the request conditional prerequisite is missing" time="1.2977"/><testcase file="test/trento_web/controllers/v1/users_controller_test.exs" classname="Elixir.TrentoWeb.V1.UsersControllerTest" name="test create user should not create the user when request parameters are not valid" time="1.2688"/><testcase file="test/trento_web/controllers/v1/users_controller_test.exs" classname="Elixir.TrentoWeb.V1.UsersControllerTest" name="test update user should not update the user when the request conditional prerequisite is failing due to mid-air collision" time="1.4938"/><testcase file="test/trento_web/controllers/v1/users_controller_test.exs" classname="Elixir.TrentoWeb.V1.UsersControllerTest" name="test index lists all users" time="1.9340"/><testcase file="test/trento_web/controllers/v1/users_controller_test.exs" classname="Elixir.TrentoWeb.V1.UsersControllerTest" name="test create user should create the user with abilities" time="0.9592"/><testcase file="test/trento_web/controllers/v1/users_controller_test.exs" classname="Elixir.TrentoWeb.V1.UsersControllerTest" name="test update user should not perform an update when sso is enabled and abilities or enabled are not passed" time="3.2406"/></testsuite></testsuites>